This is pdfTeX, Version 3.1415926-2.5-1.40.14 (MiKTeX 2.9 64-bit) (preloaded format=pdflatex 2014.10.26)  9 DEC 2014 01:07
entering extended mode
**lab2.tex

("C:\Users\Daniel Barmaimon\Desktop\Edinburgh\Advanced Image Analysis\Assigment
s\Part_02\lab02\lab2.tex"
LaTeX2e <2014/05/01>
Babel <3.9l> and hyphenation patterns for 68 languages loaded.
("C:\Program Files\MiKTeX 2.9\tex\latex\base\article.cls"
Document Class: article 2014/09/29 v1.4h Standard LaTeX document class
("C:\Program Files\MiKTeX 2.9\tex\latex\base\size10.clo"
File: size10.clo 2014/09/29 v1.4h Standard LaTeX file (size option)
)
\c@part=\count79
\c@section=\count80
\c@subsection=\count81
\c@subsubsection=\count82
\c@paragraph=\count83
\c@subparagraph=\count84
\c@figure=\count85
\c@table=\count86
\abovecaptionskip=\skip41
\belowcaptionskip=\skip42
\bibindent=\dimen102
)
("C:\Program Files\MiKTeX 2.9\tex\latex\graphics\graphicx.sty"
Package: graphicx 2014/04/25 v1.0g Enhanced LaTeX Graphics (DPC,SPQR)

("C:\Program Files\MiKTeX 2.9\tex\latex\graphics\keyval.sty"
Package: keyval 2014/05/08 v1.15 key=value parser (DPC)
\KV@toks@=\toks14
)
("C:\Program Files\MiKTeX 2.9\tex\latex\graphics\graphics.sty"
Package: graphics 2009/02/05 v1.0o Standard LaTeX Graphics (DPC,SPQR)

("C:\Program Files\MiKTeX 2.9\tex\latex\graphics\trig.sty"
Package: trig 1999/03/16 v1.09 sin cos tan (DPC)
)
("C:\Program Files\MiKTeX 2.9\tex\latex\00miktex\graphics.cfg"
File: graphics.cfg 2007/01/18 v1.5 graphics configuration of teTeX/TeXLive
)
Package graphics Info: Driver file: pdftex.def on input line 91.

("C:\Program Files\MiKTeX 2.9\tex\latex\pdftex-def\pdftex.def"
File: pdftex.def 2011/05/27 v0.06d Graphics/color for pdfTeX

("C:\Program Files\MiKTeX 2.9\tex\generic\oberdiek\infwarerr.sty"
Package: infwarerr 2010/04/08 v1.3 Providing info/warning/error messages (HO)
)
("C:\Program Files\MiKTeX 2.9\tex\generic\oberdiek\ltxcmds.sty"
Package: ltxcmds 2011/11/09 v1.22 LaTeX kernel commands for general use (HO)
)
\Gread@gobject=\count87
))
\Gin@req@height=\dimen103
\Gin@req@width=\dimen104
)
("C:\Program Files\MiKTeX 2.9\tex\latex\caption\caption.sty"
Package: caption 2013/05/02 v3.3-89 Customizing captions (AR)

("C:\Program Files\MiKTeX 2.9\tex\latex\caption\caption3.sty"
Package: caption3 2013/05/02 v1.6-88 caption3 kernel (AR)
Package caption3 Info: TeX engine: e-TeX on input line 57.
\captionmargin=\dimen105
\captionmargin@=\dimen106
\captionwidth=\dimen107
\caption@tempdima=\dimen108
\caption@indent=\dimen109
\caption@parindent=\dimen110
\caption@hangindent=\dimen111
)
\c@ContinuedFloat=\count88
)
("C:\Program Files\MiKTeX 2.9\tex\latex\float\float.sty"
Package: float 2001/11/08 v1.3d Float enhancements (AL)
\c@float@type=\count89
\float@exts=\toks15
\float@box=\box26
\@float@everytoks=\toks16
\@floatcapt=\box27
)
("C:\Program Files\MiKTeX 2.9\tex\latex\caption\subcaption.sty"
Package: subcaption 2013/02/03 v1.1-62 Sub-captions (AR)
\c@subfigure=\count90
\c@subtable=\count91
)
("C:\Program Files\MiKTeX 2.9\tex\latex\graphics\epsfig.sty"
Package: epsfig 1999/02/16 v1.7a (e)psfig emulation (SPQR)
\epsfxsize=\dimen112
\epsfysize=\dimen113
)
("C:\Program Files\MiKTeX 2.9\tex\latex\psnfss\mathptmx.sty"
Package: mathptmx 2005/04/12 PSNFSS-v9.2a Times w/ Math, improved (SPQR, WaS) 
LaTeX Font Info:    Redeclaring symbol font `operators' on input line 28.
LaTeX Font Info:    Overwriting symbol font `operators' in version `normal'
(Font)                  OT1/cmr/m/n --> OT1/ztmcm/m/n on input line 28.
LaTeX Font Info:    Overwriting symbol font `operators' in version `bold'
(Font)                  OT1/cmr/bx/n --> OT1/ztmcm/m/n on input line 28.
LaTeX Font Info:    Redeclaring symbol font `letters' on input line 29.
LaTeX Font Info:    Overwriting symbol font `letters' in version `normal'
(Font)                  OML/cmm/m/it --> OML/ztmcm/m/it on input line 29.
LaTeX Font Info:    Overwriting symbol font `letters' in version `bold'
(Font)                  OML/cmm/b/it --> OML/ztmcm/m/it on input line 29.
LaTeX Font Info:    Redeclaring symbol font `symbols' on input line 30.
LaTeX Font Info:    Overwriting symbol font `symbols' in version `normal'
(Font)                  OMS/cmsy/m/n --> OMS/ztmcm/m/n on input line 30.
LaTeX Font Info:    Overwriting symbol font `symbols' in version `bold'
(Font)                  OMS/cmsy/b/n --> OMS/ztmcm/m/n on input line 30.
LaTeX Font Info:    Redeclaring symbol font `largesymbols' on input line 31.
LaTeX Font Info:    Overwriting symbol font `largesymbols' in version `normal'
(Font)                  OMX/cmex/m/n --> OMX/ztmcm/m/n on input line 31.
LaTeX Font Info:    Overwriting symbol font `largesymbols' in version `bold'
(Font)                  OMX/cmex/m/n --> OMX/ztmcm/m/n on input line 31.
\symbold=\mathgroup4
\symitalic=\mathgroup5
LaTeX Font Info:    Redeclaring math alphabet \mathbf on input line 34.
LaTeX Font Info:    Overwriting math alphabet `\mathbf' in version `normal'
(Font)                  OT1/cmr/bx/n --> OT1/ptm/bx/n on input line 34.
LaTeX Font Info:    Overwriting math alphabet `\mathbf' in version `bold'
(Font)                  OT1/cmr/bx/n --> OT1/ptm/bx/n on input line 34.
LaTeX Font Info:    Redeclaring math alphabet \mathit on input line 35.
LaTeX Font Info:    Overwriting math alphabet `\mathit' in version `normal'
(Font)                  OT1/cmr/m/it --> OT1/ptm/m/it on input line 35.
LaTeX Font Info:    Overwriting math alphabet `\mathit' in version `bold'
(Font)                  OT1/cmr/bx/it --> OT1/ptm/m/it on input line 35.
LaTeX Info: Redefining \hbar on input line 50.
)
("C:\Program Files\MiKTeX 2.9\tex\latex\psnfss\times.sty"
Package: times 2005/04/12 PSNFSS-v9.2a (SPQR) 
)
("C:\Program Files\MiKTeX 2.9\tex\latex\amsmath\amsmath.sty"
Package: amsmath 2013/01/14 v2.14 AMS math features
\@mathmargin=\skip43

For additional information on amsmath, use the `?' option.
("C:\Program Files\MiKTeX 2.9\tex\latex\amsmath\amstext.sty"
Package: amstext 2000/06/29 v2.01

("C:\Program Files\MiKTeX 2.9\tex\latex\amsmath\amsgen.sty"
File: amsgen.sty 1999/11/30 v2.0
\@emptytoks=\toks17
\ex@=\dimen114
))
("C:\Program Files\MiKTeX 2.9\tex\latex\amsmath\amsbsy.sty"
Package: amsbsy 1999/11/29 v1.2d
\pmbraise@=\dimen115
)
("C:\Program Files\MiKTeX 2.9\tex\latex\amsmath\amsopn.sty"
Package: amsopn 1999/12/14 v2.01 operator names
)
\inf@bad=\count92
LaTeX Info: Redefining \frac on input line 210.
\uproot@=\count93
\leftroot@=\count94
LaTeX Info: Redefining \overline on input line 306.
\classnum@=\count95
\DOTSCASE@=\count96
LaTeX Info: Redefining \ldots on input line 378.
LaTeX Info: Redefining \dots on input line 381.
LaTeX Info: Redefining \cdots on input line 466.
\Mathstrutbox@=\box28
\strutbox@=\box29
\big@size=\dimen116
LaTeX Font Info:    Redeclaring font encoding OML on input line 566.
LaTeX Font Info:    Redeclaring font encoding OMS on input line 567.
\macc@depth=\count97
\c@MaxMatrixCols=\count98
\dotsspace@=\muskip10
\c@parentequation=\count99
\dspbrk@lvl=\count100
\tag@help=\toks18
\row@=\count101
\column@=\count102
\maxfields@=\count103
\andhelp@=\toks19
\eqnshift@=\dimen117
\alignsep@=\dimen118
\tagshift@=\dimen119
\tagwidth@=\dimen120
\totwidth@=\dimen121
\lineht@=\dimen122
\@envbody=\toks20
\multlinegap=\skip44
\multlinetaggap=\skip45
\mathdisplay@stack=\toks21
LaTeX Info: Redefining \[ on input line 2665.
LaTeX Info: Redefining \] on input line 2666.
)
("C:\Program Files\MiKTeX 2.9\tex\latex\amsfonts\amssymb.sty"
Package: amssymb 2013/01/14 v3.01 AMS font symbols

("C:\Program Files\MiKTeX 2.9\tex\latex\amsfonts\amsfonts.sty"
Package: amsfonts 2013/01/14 v3.01 Basic AMSFonts support
\symAMSa=\mathgroup6
\symAMSb=\mathgroup7
LaTeX Font Info:    Overwriting math alphabet `\mathfrak' in version `bold'
(Font)                  U/euf/m/n --> U/euf/b/n on input line 106.
))
("C:\Program Files\MiKTeX 2.9\tex\latex\geometry\geometry.sty"
Package: geometry 2010/09/12 v5.6 Page Geometry

("C:\Program Files\MiKTeX 2.9\tex\generic\oberdiek\ifpdf.sty"
Package: ifpdf 2011/01/30 v2.3 Provides the ifpdf switch (HO)
Package ifpdf Info: pdfTeX in PDF mode is detected.
)
("C:\Program Files\MiKTeX 2.9\tex\generic\oberdiek\ifvtex.sty"
Package: ifvtex 2010/03/01 v1.5 Detect VTeX and its facilities (HO)
Package ifvtex Info: VTeX not detected.
)
("C:\Program Files\MiKTeX 2.9\tex\generic\ifxetex\ifxetex.sty"
Package: ifxetex 2010/09/12 v0.6 Provides ifxetex conditional
)
\Gm@cnth=\count104
\Gm@cntv=\count105
\c@Gm@tempcnt=\count106
\Gm@bindingoffset=\dimen123
\Gm@wd@mp=\dimen124
\Gm@odd@mp=\dimen125
\Gm@even@mp=\dimen126
\Gm@layoutwidth=\dimen127
\Gm@layoutheight=\dimen128
\Gm@layouthoffset=\dimen129
\Gm@layoutvoffset=\dimen130
\Gm@dimlist=\toks22

("C:\Program Files\MiKTeX 2.9\tex\latex\geometry\geometry.cfg"))
("C:\Program Files\MiKTeX 2.9\tex\latex\mathtools\mathtools.sty"
Package: mathtools 2014/07/16 v1.15 mathematical typesetting tools

("C:\Program Files\MiKTeX 2.9\tex\latex\tools\calc.sty"
Package: calc 2007/08/22 v4.3 Infix arithmetic (KKT,FJ)
\calc@Acount=\count107
\calc@Bcount=\count108
\calc@Adimen=\dimen131
\calc@Bdimen=\dimen132
\calc@Askip=\skip46
\calc@Bskip=\skip47
LaTeX Info: Redefining \setlength on input line 75.
LaTeX Info: Redefining \addtolength on input line 76.
\calc@Ccount=\count109
\calc@Cskip=\skip48
)
("C:\Program Files\MiKTeX 2.9\tex\latex\mathtools\mhsetup.sty"
Package: mhsetup 2010/01/21 v1.2a programming setup (MH)
)
LaTeX Info: Thecontrolsequence`\['isalreadyrobust on input line 129.
LaTeX Info: Thecontrolsequence`\]'isalreadyrobust on input line 129.
\g_MT_multlinerow_int=\count110
\l_MT_multwidth_dim=\dimen133
\origjot=\skip49
\l_MT_shortvdotswithinadjustabove_dim=\dimen134
\l_MT_shortvdotswithinadjustbelow_dim=\dimen135
\l_MT_above_intertext_sep=\dimen136
\l_MT_below_intertext_sep=\dimen137
\l_MT_above_shortintertext_sep=\dimen138
\l_MT_below_shortintertext_sep=\dimen139
)
("C:\Program Files\MiKTeX 2.9\tex\latex\enumitem\enumitem.sty"
Package: enumitem 2011/09/28 v3.5.2 Customized lists
\labelindent=\skip50
\enit@outerparindent=\dimen140
\enit@toks=\toks23
\enit@inbox=\box30
\enitdp@description=\count111
)
("C:\Program Files\MiKTeX 2.9\tex\latex\lipsum\lipsum.sty"
Package: lipsum 2014/07/27 v1.3 150 paragraphs of Lorem Ipsum dummy text
\c@lips@count=\count112
)
("C:\Users\Daniel Barmaimon\Desktop\Edinburgh\Advanced Image Analysis\Assigment
s\Part_02\lab02\mcode.sty"
-- Package: `mcode' 2.3 <2012/08/31> --
Package: mcode 2012/08/31 2.3
 - settings optimized for display (colour formating)
("C:\Program Files\MiKTeX 2.9\tex\latex\xcolor\xcolor.sty"
Package: xcolor 2007/01/21 v2.11 LaTeX color extensions (UK)

("C:\Program Files\MiKTeX 2.9\tex\latex\00miktex\color.cfg"
File: color.cfg 2007/01/18 v1.5 color configuration of teTeX/TeXLive
)
Package xcolor Info: Driver file: pdftex.def on input line 225.
Package xcolor Info: Model `cmy' substituted by `cmy0' on input line 1337.
Package xcolor Info: Model `hsb' substituted by `rgb' on input line 1341.
Package xcolor Info: Model `RGB' extended on input line 1353.
Package xcolor Info: Model `HTML' substituted by `rgb' on input line 1355.
Package xcolor Info: Model `Hsb' substituted by `hsb' on input line 1356.
Package xcolor Info: Model `tHsb' substituted by `hsb' on input line 1357.
Package xcolor Info: Model `HSB' substituted by `hsb' on input line 1358.
Package xcolor Info: Model `Gray' substituted by `gray' on input line 1359.
Package xcolor Info: Model `wave' substituted by `hsb' on input line 1360.
)
("C:\Program Files\MiKTeX 2.9\tex\latex\listings\listings.sty"
\lst@mode=\count113
\lst@gtempboxa=\box31
\lst@token=\toks24
\lst@length=\count114
\lst@currlwidth=\dimen141
\lst@column=\count115
\lst@pos=\count116
\lst@lostspace=\dimen142
\lst@width=\dimen143
\lst@newlines=\count117
\lst@lineno=\count118
\lst@maxwidth=\dimen144

("C:\Program Files\MiKTeX 2.9\tex\latex\listings\lstmisc.sty"
File: lstmisc.sty 2014/09/06 1.5e (Carsten Heinz)
\c@lstnumber=\count119
\lst@skipnumbers=\count120
\lst@framebox=\box32
)
("C:\Program Files\MiKTeX 2.9\tex\latex\listings\listings.cfg"
File: listings.cfg 2014/09/06 1.5e listings configuration
))
Package: listings 2014/09/06 1.5e (Carsten Heinz)

("C:\Program Files\MiKTeX 2.9\tex\latex\base\textcomp.sty"
Package: textcomp 2005/09/27 v1.99g Standard LaTeX package
Package textcomp Info: Sub-encoding information:
(textcomp)               5 = only ISO-Adobe without \textcurrency
(textcomp)               4 = 5 + \texteuro
(textcomp)               3 = 4 + \textohm
(textcomp)               2 = 3 + \textestimated + \textcurrency
(textcomp)               1 = TS1 - \textcircled - \t
(textcomp)               0 = TS1 (full)
(textcomp)             Font families with sub-encoding setting implement
(textcomp)             only a restricted character set as indicated.
(textcomp)             Family '?' is the default used for unknown fonts.
(textcomp)             See the documentation for details.
Package textcomp Info: Setting ? sub-encoding to TS1/1 on input line 71.

("C:\Program Files\MiKTeX 2.9\tex\latex\base\ts1enc.def"
File: ts1enc.def 2001/06/05 v3.0e (jk/car/fm) Standard LaTeX file
)
LaTeX Info: Redefining \oldstylenums on input line 266.
Package textcomp Info: Setting cmr sub-encoding to TS1/0 on input line 281.
Package textcomp Info: Setting cmss sub-encoding to TS1/0 on input line 282.
Package textcomp Info: Setting cmtt sub-encoding to TS1/0 on input line 283.
Package textcomp Info: Setting cmvtt sub-encoding to TS1/0 on input line 284.
Package textcomp Info: Setting cmbr sub-encoding to TS1/0 on input line 285.
Package textcomp Info: Setting cmtl sub-encoding to TS1/0 on input line 286.
Package textcomp Info: Setting ccr sub-encoding to TS1/0 on input line 287.
Package textcomp Info: Setting ptm sub-encoding to TS1/4 on input line 288.
Package textcomp Info: Setting pcr sub-encoding to TS1/4 on input line 289.
Package textcomp Info: Setting phv sub-encoding to TS1/4 on input line 290.
Package textcomp Info: Setting ppl sub-encoding to TS1/3 on input line 291.
Package textcomp Info: Setting pag sub-encoding to TS1/4 on input line 292.
Package textcomp Info: Setting pbk sub-encoding to TS1/4 on input line 293.
Package textcomp Info: Setting pnc sub-encoding to TS1/4 on input line 294.
Package textcomp Info: Setting pzc sub-encoding to TS1/4 on input line 295.
Package textcomp Info: Setting bch sub-encoding to TS1/4 on input line 296.
Package textcomp Info: Setting put sub-encoding to TS1/5 on input line 297.
Package textcomp Info: Setting uag sub-encoding to TS1/5 on input line 298.
Package textcomp Info: Setting ugq sub-encoding to TS1/5 on input line 299.
Package textcomp Info: Setting ul8 sub-encoding to TS1/4 on input line 300.
Package textcomp Info: Setting ul9 sub-encoding to TS1/4 on input line 301.
Package textcomp Info: Setting augie sub-encoding to TS1/5 on input line 302.
Package textcomp Info: Setting dayrom sub-encoding to TS1/3 on input line 303.
Package textcomp Info: Setting dayroms sub-encoding to TS1/3 on input line 304.

Package textcomp Info: Setting pxr sub-encoding to TS1/0 on input line 305.
Package textcomp Info: Setting pxss sub-encoding to TS1/0 on input line 306.
Package textcomp Info: Setting pxtt sub-encoding to TS1/0 on input line 307.
Package textcomp Info: Setting txr sub-encoding to TS1/0 on input line 308.
Package textcomp Info: Setting txss sub-encoding to TS1/0 on input line 309.
Package textcomp Info: Setting txtt sub-encoding to TS1/0 on input line 310.
Package textcomp Info: Setting lmr sub-encoding to TS1/0 on input line 311.
Package textcomp Info: Setting lmdh sub-encoding to TS1/0 on input line 312.
Package textcomp Info: Setting lmss sub-encoding to TS1/0 on input line 313.
Package textcomp Info: Setting lmssq sub-encoding to TS1/0 on input line 314.
Package textcomp Info: Setting lmvtt sub-encoding to TS1/0 on input line 315.
Package textcomp Info: Setting qhv sub-encoding to TS1/0 on input line 316.
Package textcomp Info: Setting qag sub-encoding to TS1/0 on input line 317.
Package textcomp Info: Setting qbk sub-encoding to TS1/0 on input line 318.
Package textcomp Info: Setting qcr sub-encoding to TS1/0 on input line 319.
Package textcomp Info: Setting qcs sub-encoding to TS1/0 on input line 320.
Package textcomp Info: Setting qpl sub-encoding to TS1/0 on input line 321.
Package textcomp Info: Setting qtm sub-encoding to TS1/0 on input line 322.
Package textcomp Info: Setting qzc sub-encoding to TS1/0 on input line 323.
Package textcomp Info: Setting qhvc sub-encoding to TS1/0 on input line 324.
Package textcomp Info: Setting futs sub-encoding to TS1/4 on input line 325.
Package textcomp Info: Setting futx sub-encoding to TS1/4 on input line 326.
Package textcomp Info: Setting futj sub-encoding to TS1/4 on input line 327.
Package textcomp Info: Setting hlh sub-encoding to TS1/3 on input line 328.
Package textcomp Info: Setting hls sub-encoding to TS1/3 on input line 329.
Package textcomp Info: Setting hlst sub-encoding to TS1/3 on input line 330.
Package textcomp Info: Setting hlct sub-encoding to TS1/5 on input line 331.
Package textcomp Info: Setting hlx sub-encoding to TS1/5 on input line 332.
Package textcomp Info: Setting hlce sub-encoding to TS1/5 on input line 333.
Package textcomp Info: Setting hlcn sub-encoding to TS1/5 on input line 334.
Package textcomp Info: Setting hlcw sub-encoding to TS1/5 on input line 335.
Package textcomp Info: Setting hlcf sub-encoding to TS1/5 on input line 336.
Package textcomp Info: Setting pplx sub-encoding to TS1/3 on input line 337.
Package textcomp Info: Setting pplj sub-encoding to TS1/3 on input line 338.
Package textcomp Info: Setting ptmx sub-encoding to TS1/4 on input line 339.
Package textcomp Info: Setting ptmj sub-encoding to TS1/4 on input line 340.
))

LaTeX Warning: Unused global option(s):
    [conference].


("C:\Users\Daniel Barmaimon\Desktop\Edinburgh\Advanced Image Analysis\Assigment
s\Part_02\lab02\lab2.aux")
LaTeX Font Info:    Checking defaults for OML/cmm/m/it on input line 34.
LaTeX Font Info:    ... okay on input line 34.
LaTeX Font Info:    Checking defaults for T1/cmr/m/n on input line 34.
LaTeX Font Info:    ... okay on input line 34.
LaTeX Font Info:    Checking defaults for OT1/cmr/m/n on input line 34.
LaTeX Font Info:    ... okay on input line 34.
LaTeX Font Info:    Checking defaults for OMS/cmsy/m/n on input line 34.
LaTeX Font Info:    ... okay on input line 34.
LaTeX Font Info:    Checking defaults for OMX/cmex/m/n on input line 34.
LaTeX Font Info:    ... okay on input line 34.
LaTeX Font Info:    Checking defaults for U/cmr/m/n on input line 34.
LaTeX Font Info:    ... okay on input line 34.
LaTeX Font Info:    Checking defaults for TS1/cmr/m/n on input line 34.
LaTeX Font Info:    Try loading font information for TS1+cmr on input line 34.

("C:\Program Files\MiKTeX 2.9\tex\latex\base\ts1cmr.fd"
File: ts1cmr.fd 2014/09/29 v2.5h Standard LaTeX font definitions
)
LaTeX Font Info:    ... okay on input line 34.
LaTeX Font Info:    Try loading font information for OT1+ptm on input line 34.

("C:\Program Files\MiKTeX 2.9\tex\latex\psnfss\ot1ptm.fd"
File: ot1ptm.fd 2001/06/04 font definitions for OT1/ptm.
)
("C:\Program Files\MiKTeX 2.9\tex\context\base\supp-pdf.mkii"
[Loading MPS to PDF converter (version 2006.09.02).]
\scratchcounter=\count121
\scratchdimen=\dimen145
\scratchbox=\box33
\nofMPsegments=\count122
\nofMParguments=\count123
\everyMPshowfont=\toks25
\MPscratchCnt=\count124
\MPscratchDim=\dimen146
\MPnumerator=\count125
\makeMPintoPDFobject=\count126
\everyMPtoPDFconversion=\toks26
)
Package caption Info: Begin \AtBeginDocument code.
Package caption Info: float package is loaded.
Package caption Info: listings package is loaded.
Package caption Info: End \AtBeginDocument code.

*geometry* driver: auto-detecting
*geometry* detected driver: pdftex
*geometry* verbose mode - [ preamble ] result:
* driver: pdftex
* paper: a4paper
* layout: <same size as paper>
* layoutoffset:(h,v)=(0.0pt,0.0pt)
* modes: 
* h-part:(L,W,R)=(42.67912pt, 512.14963pt, 42.67912pt)
* v-part:(T,H,B)=(42.67912pt, 759.6886pt, 42.67912pt)
* \paperwidth=597.50787pt
* \paperheight=845.04684pt
* \textwidth=512.14963pt
* \textheight=759.6886pt
* \oddsidemargin=-29.59087pt
* \evensidemargin=-29.59087pt
* \topmargin=-66.59087pt
* \headheight=12.0pt
* \headsep=25.0pt
* \topskip=10.0pt
* \footskip=30.0pt
* \marginparwidth=57.0pt
* \marginparsep=11.0pt
* \columnsep=10.0pt
* \skip\footins=9.0pt plus 4.0pt minus 2.0pt
* \hoffset=0.0pt
* \voffset=0.0pt
* \mag=1000
* \@twocolumnfalse
* \@twosidefalse
* \@mparswitchfalse
* \@reversemarginfalse
* (1in=72.27pt=25.4mm, 1cm=28.453pt)

\c@lstlisting=\count127
LaTeX Font Info:    Font shape `OT1/ptm/bx/n' in size <17.28> not available
(Font)              Font shape `OT1/ptm/b/n' tried instead on input line 47.
Missing character: There is no â in font ptmb7t!
Missing character: There is no € in font ptmb7t!
Missing character: There is no “ in font ptmb7t!
LaTeX Font Info:    Try loading font information for OT1+ztmcm on input line 47
.
("C:\Program Files\MiKTeX 2.9\tex\latex\psnfss\ot1ztmcm.fd"
File: ot1ztmcm.fd 2000/01/03 Fontinst v1.801 font definitions for OT1/ztmcm.
)
LaTeX Font Info:    Try loading font information for OML+ztmcm on input line 47
.

("C:\Program Files\MiKTeX 2.9\tex\latex\psnfss\omlztmcm.fd"
File: omlztmcm.fd 2000/01/03 Fontinst v1.801 font definitions for OML/ztmcm.
)
LaTeX Font Info:    Try loading font information for OMS+ztmcm on input line 47
.

("C:\Program Files\MiKTeX 2.9\tex\latex\psnfss\omsztmcm.fd"
File: omsztmcm.fd 2000/01/03 Fontinst v1.801 font definitions for OMS/ztmcm.
)
LaTeX Font Info:    Try loading font information for OMX+ztmcm on input line 47
.

("C:\Program Files\MiKTeX 2.9\tex\latex\psnfss\omxztmcm.fd"
File: omxztmcm.fd 2000/01/03 Fontinst v1.801 font definitions for OMX/ztmcm.
)
LaTeX Font Info:    Font shape `OT1/ptm/bx/n' in size <12> not available
(Font)              Font shape `OT1/ptm/b/n' tried instead on input line 47.
LaTeX Font Info:    Font shape `OT1/ptm/bx/n' in size <9> not available
(Font)              Font shape `OT1/ptm/b/n' tried instead on input line 47.
LaTeX Font Info:    Font shape `OT1/ptm/bx/n' in size <7> not available
(Font)              Font shape `OT1/ptm/b/n' tried instead on input line 47.
LaTeX Font Info:    Font shape `OT1/ptm/bx/n' in size <14.4> not available
(Font)              Font shape `OT1/ptm/b/n' tried instead on input line 52.

<reportImages/W.png, id=1, 310.91156pt x 135.50626pt>
File: reportImages/W.png Graphic file (type png)
 <use reportImages/W.png>
Package pdftex.def Info: reportImages/W.png used on input line 59.
(pdftex.def)             Requested size: 256.07481pt x 111.60793pt.
LaTeX Font Info:    Font shape `OT1/ptm/bx/n' in size <10> not available
(Font)              Font shape `OT1/ptm/b/n' tried instead on input line 60.
LaTeX Font Info:    Font shape `OT1/ptm/bx/n' in size <7.4> not available
(Font)              Font shape `OT1/ptm/b/n' tried instead on input line 60.
LaTeX Font Info:    Font shape `OT1/ptm/bx/n' in size <6> not available
(Font)              Font shape `OT1/ptm/b/n' tried instead on input line 60.
LaTeX Font Info:    Try loading font information for OT1+pcr on input line 72.

("C:\Program Files\MiKTeX 2.9\tex\latex\psnfss\ot1pcr.fd"
File: ot1pcr.fd 2001/06/04 font definitions for OT1/pcr.
)
LaTeX Font Info:    Try loading font information for TS1+pcr on input line 77.

("C:\Program Files\MiKTeX 2.9\tex\latex\psnfss\ts1pcr.fd"
File: ts1pcr.fd 2001/06/04 font definitions for TS1/pcr.
) [1

{C:/ProgramData/MiKTeX/2.9/pdftex/config/pdftex.map} <C:/Users/Daniel Barmaimon
/Desktop/Edinburgh/Advanced Image Analysis/Assigments/Part_02/lab02/reportImage
s/W.png>]
<reportImages/HaarW1.PNG, id=14, 387.69844pt x 385.44pt>
File: reportImages/HaarW1.PNG Graphic file (type png)

<use reportImages/HaarW1.PNG>
Package pdftex.def Info: reportImages/HaarW1.PNG used on input line 132.
(pdftex.def)             Requested size: 135.69647pt x 134.90602pt.

<reportImages/HaarW2.PNG, id=15, 385.44pt x 385.44pt>
File: reportImages/HaarW2.PNG Graphic file (type png)

<use reportImages/HaarW2.PNG>
Package pdftex.def Info: reportImages/HaarW2.PNG used on input line 137.
(pdftex.def)             Requested size: 134.90602pt x 134.90602pt.

Underfull \hbox (badness 10000) in paragraph at lines 144--145

 []


Underfull \hbox (badness 10000) in paragraph at lines 146--147

 []

[2 <C:/Users/Daniel Barmaimon/Desktop/Edinburgh/Advanced Image Analysis/Assigme
nts/Part_02/lab02/reportImages/HaarW1.PNG> <C:/Users/Daniel Barmaimon/Desktop/E
dinburgh/Advanced Image Analysis/Assigments/Part_02/lab02/reportImages/HaarW2.P
NG>] <reportImages/MSE.PNG, id=21, 854.44218pt x 433.62pt>
File: reportImages/MSE.PNG Graphic file (type png)

<use reportImages/MSE.PNG>
Package pdftex.def Info: reportImages/MSE.PNG used on input line 160.
(pdftex.def)             Requested size: 256.33463pt x 130.087pt.

Overfull \hbox (5.37851pt too wide) in paragraph at lines 160--161
 [][] 
 []

<reportImages/PSNR.PNG, id=22, 860.46469pt x 432.11438pt>
File: reportImages/PSNR.PNG Graphic file (type png)

<use reportImages/PSNR.PNG>
Package pdftex.def Info: reportImages/PSNR.PNG used on input line 165.
(pdftex.def)             Requested size: 258.1414pt x 129.6353pt.

Overfull \hbox (7.18529pt too wide) in paragraph at lines 165--166
 [][] 
 []

<reportImages/comparison_level21.PNG, id=23, 837.1275pt x 280.04625pt>
File: reportImages/comparison_level21.PNG Graphic file (type png)

<use reportImages/comparison_level21.PNG>
Package pdftex.def Info: reportImages/comparison_level21.PNG used on input line
 176.
(pdftex.def)             Requested size: 292.99901pt x 98.01764pt.

<reportImages/comparison_level61.PNG, id=24, 858.20625pt x 295.85532pt>
File: reportImages/comparison_level61.PNG Graphic file (type png)

<use reportImages/comparison_level61.PNG>
Package pdftex.def Info: reportImages/comparison_level61.PNG used on input line
 181.
(pdftex.def)             Requested size: 300.3767pt x 103.5509pt.

<reportImages/comparison_level201.PNG, id=25, 839.38594pt x 286.82156pt>
File: reportImages/comparison_level201.PNG Graphic file (type png)

<use reportImages/comparison_level201.PNG>
Package pdftex.def Info: reportImages/comparison_level201.PNG used on input lin
e 186.
(pdftex.def)             Requested size: 293.78947pt x 100.38904pt.

<reportImages/MSE_Daubechies.PNG, id=26, 872.50969pt x 437.38406pt>
File: reportImages/MSE_Daubechies.PNG Graphic file (type png)

<use reportImages/MSE_Daubechies.PNG>
Package pdftex.def Info: reportImages/MSE_Daubechies.PNG used on input line 200
.
(pdftex.def)             Requested size: 305.38297pt x 153.0867pt.
 [3 <C:/Users/Daniel Barmaimon/Desktop/Edinburgh/Advanced Image Analysis/Assigm
ents/Part_02/lab02/reportImages/MSE.PNG> <C:/Users/Daniel Barmaimon/Desktop/Edi
nburgh/Advanced Image Analysis/Assigments/Part_02/lab02/reportImages/PSNR.PNG> 
<C:/Users/Daniel Barmaimon/Desktop/Edinburgh/Advanced Image Analysis/Assigments
/Part_02/lab02/reportImages/comparison_level21.PNG> <C:/Users/Daniel Barmaimon/
Desktop/Edinburgh/Advanced Image Analysis/Assigments/Part_02/lab02/reportImages
/comparison_level61.PNG> <C:/Users/Daniel Barmaimon/Desktop/Edinburgh/Advanced 
Image Analysis/Assigments/Part_02/lab02/reportImages/comparison_level201.PNG>]
<reportImages/PSNR_Daubechies.PNG, id=35, 874.76813pt x 459.96844pt>
File: reportImages/PSNR_Daubechies.PNG Graphic file (type png)

<use reportImages/PSNR_Daubechies.PNG>
Package pdftex.def Info: reportImages/PSNR_Daubechies.PNG used on input line 20
8.
(pdftex.def)             Requested size: 306.17343pt x 160.99136pt.

<reportImages/PSNR_Daubechies_detail.PNG, id=36, 857.45343pt x 457.71pt>
File: reportImages/PSNR_Daubechies_detail.PNG Graphic file (type png)

<use reportImages/PSNR_Daubechies_detail.PNG>
Package pdftex.def Info: reportImages/PSNR_Daubechies_detail.PNG used on input 
line 213.
(pdftex.def)             Requested size: 257.238pt x 137.31406pt.

Overfull \hbox (6.28189pt too wide) in paragraph at lines 213--214
 [][] 
 []

<reportImages/PSNR_Daubechies_detail1.PNG, id=37, 902.6222pt x 461.47406pt>
File: reportImages/PSNR_Daubechies_detail1.PNG Graphic file (type png)

<use reportImages/PSNR_Daubechies_detail1.PNG>
Package pdftex.def Info: reportImages/PSNR_Daubechies_detail1.PNG used on input
 line 218.
(pdftex.def)             Requested size: 270.78874pt x 138.44327pt.

Overfull \hbox (19.83263pt too wide) in paragraph at lines 218--219
 [][] 
 []


Underfull \hbox (badness 10000) in paragraph at lines 228--229

 []

[4 <C:/Users/Daniel Barmaimon/Desktop/Edinburgh/Advanced Image Analysis/Assigme
nts/Part_02/lab02/reportImages/MSE_Daubechies.PNG> <C:/Users/Daniel Barmaimon/D
esktop/Edinburgh/Advanced Image Analysis/Assigments/Part_02/lab02/reportImages/
PSNR_Daubechies.PNG> <C:/Users/Daniel Barmaimon/Desktop/Edinburgh/Advanced Imag
e Analysis/Assigments/Part_02/lab02/reportImages/PSNR_Daubechies_detail.PNG> <C
:/Users/Daniel Barmaimon/Desktop/Edinburgh/Advanced Image Analysis/Assigments/P
art_02/lab02/reportImages/PSNR_Daubechies_detail1.PNG>] [5]
("C:\Users\Daniel Barmaimon\Desktop\Edinburgh\Advanced Image Analysis\Assigment
s\Part_02\lab02\lab2.aux") ) 
Here is how much of TeX's memory you used:
 7146 strings out of 493705
 105231 string characters out of 3144536
 292264 words of memory out of 3000000
 10347 multiletter control sequences out of 15000+200000
 39836 words of font info for 91 fonts, out of 3000000 for 9000
 1025 hyphenation exceptions out of 8191
 36i,10n,42p,514b,1524s stack positions out of 5000i,500n,10000p,200000b,50000s
{C:/Program Files/MiKTeX 2.9/fonts/enc/dvips/fontna
me/8r.enc}<C:/Program Files/MiKTeX 2.9/fonts/type1/public/amsfonts/cm/cmr10.pfb
><C:/Program Files/MiKTeX 2.9/fonts/type1/public/amsfonts/cm/cmsy10.pfb><C:/Pro
gram Files/MiKTeX 2.9/fonts/type1/urw/courier/ucrr8a.pfb><C:/Program Files/MiKT
eX 2.9/fonts/type1/urw/times/utmb8a.pfb><C:/Program Files/MiKTeX 2.9/fonts/type
1/urw/times/utmr8a.pfb><C:/Program Files/MiKTeX 2.9/fonts/type1/urw/times/utmri
8a.pfb>
Output written on lab2.pdf (5 pages, 1305361 bytes).
PDF statistics:
 68 PDF objects out of 1000 (max. 8388607)
 0 named destinations out of 1000 (max. 500000)
 61 words of extra memory for PDF output out of 10000 (max. 10000000)

